[2024-12-26 22:28:40] Текст ошибки: Не удалось подключиться в БАЗЕ ДАННЫХ | Файл: /home/sites/MarlinDev/vendor/Core/DB.php | Строка: 21
=================
[2024-12-26 22:28:41] Текст ошибки: Undefined array key "controller" | Файл: /home/sites/MarlinDev/vendor/Core/Router.php | Строка: 92
=================
[2024-12-26 22:29:02] Текст ошибки: Undefined array key "controller" | Файл: /home/sites/MarlinDev/vendor/Core/Router.php | Строка: 92
=================
[2024-12-26 22:29:06] Текст ошибки: Undefined array key "controller" | Файл: /home/sites/MarlinDev/vendor/Core/Router.php | Строка: 92
=================
[2024-12-26 22:29:08] Текст ошибки: Undefined array key "controller" | Файл: /home/sites/MarlinDev/vendor/Core/Router.php | Строка: 92
=================
[2024-12-26 22:34:01] Текст ошибки: Undefined array key "controller" | Файл: /home/sites/MarlinDev/vendor/Core/Router.php | Строка: 92
=================
[2024-12-26 22:34:03] Текст ошибки: Undefined array key "controller" | Файл: /home/sites/MarlinDev/vendor/Core/Router.php | Строка: 92
=================
[2024-12-26 22:34:03] Текст ошибки: Undefined array key "controller" | Файл: /home/sites/MarlinDev/vendor/Core/Router.php | Строка: 92
=================
[2024-12-26 22:34:15] Текст ошибки: Undefined array key "controller" | Файл: /home/sites/MarlinDev/vendor/Core/Router.php | Строка: 92
=================
[2024-12-26 22:34:33] Текст ошибки: Undefined array key "controller" | Файл: /home/sites/MarlinDev/vendor/Core/Router.php | Строка: 92
=================
[2024-12-26 22:34:34] Текст ошибки: Undefined array key "controller" | Файл: /home/sites/MarlinDev/vendor/Core/Router.php | Строка: 92
=================
[2024-12-26 22:35:49] Текст ошибки: Undefined array key "controller" | Файл: /home/sites/MarlinDev/vendor/Core/Router.php | Строка: 92
=================
[2024-12-26 22:36:21] Текст ошибки: Undefined array key "controller" | Файл: /home/sites/MarlinDev/vendor/Core/Router.php | Строка: 92
=================
[2024-12-26 22:36:34] Текст ошибки: Undefined array key "controller" | Файл: /home/sites/MarlinDev/vendor/Core/Router.php | Строка: 92
=================
[2024-12-26 22:36:34] Текст ошибки: Undefined array key "controller" | Файл: /home/sites/MarlinDev/vendor/Core/Router.php | Строка: 92
=================
[2024-12-26 22:36:40] Текст ошибки: Undefined array key "controller" | Файл: /home/sites/MarlinDev/vendor/Core/Router.php | Строка: 92
=================
[2024-12-26 22:36:40] Текст ошибки: Undefined array key "controller" | Файл: /home/sites/MarlinDev/vendor/Core/Router.php | Строка: 92
=================
[2024-12-26 22:37:02] Текст ошибки: Undefined array key "controller" | Файл: /home/sites/MarlinDev/vendor/Core/Router.php | Строка: 92
=================
[2024-12-26 22:37:07] Текст ошибки: Undefined array key "controller" | Файл: /home/sites/MarlinDev/vendor/Core/Router.php | Строка: 92
=================
[2024-12-26 22:37:11] Текст ошибки: Undefined array key "controller" | Файл: /home/sites/MarlinDev/vendor/Core/Router.php | Строка: 92
=================
[2024-12-26 22:38:24] Текст ошибки: Undefined array key "controller" | Файл: /home/sites/MarlinDev/vendor/Core/Router.php | Строка: 92
=================
[2024-12-26 22:38:56] Текст ошибки: Undefined array key "controller" | Файл: /home/sites/MarlinDev/vendor/Core/Router.php | Строка: 92
=================
[2024-12-26 22:39:01] Текст ошибки: Класса RegistrationController не существует! | Файл: /home/sites/MarlinDev/vendor/Core/Router.php | Строка: 67
=================
[2024-12-26 22:39:01] Текст ошибки: Undefined array key "controller" | Файл: /home/sites/MarlinDev/vendor/Core/Router.php | Строка: 92
=================
[2024-12-26 22:39:20] Текст ошибки: Класса RegistrationController не существует! | Файл: /home/sites/MarlinDev/vendor/Core/Router.php | Строка: 67
=================
[2024-12-26 22:39:21] Текст ошибки: Undefined array key "controller" | Файл: /home/sites/MarlinDev/vendor/Core/Router.php | Строка: 92
=================
[2024-12-26 22:39:35] Текст ошибки: Undefined array key "controller" | Файл: /home/sites/MarlinDev/vendor/Core/Router.php | Строка: 92
=================
[2024-12-26 22:39:38] Текст ошибки: Undefined array key "controller" | Файл: /home/sites/MarlinDev/vendor/Core/Router.php | Строка: 92
=================
[2024-12-26 22:39:43] Текст ошибки: Undefined array key "controller" | Файл: /home/sites/MarlinDev/vendor/Core/Router.php | Строка: 92
=================
[2024-12-26 22:40:26] Текст ошибки: Undefined array key "controller" | Файл: /home/sites/MarlinDev/vendor/Core/Router.php | Строка: 92
=================
[2024-12-26 22:40:30] Текст ошибки: Undefined array key "controller" | Файл: /home/sites/MarlinDev/vendor/Core/Router.php | Строка: 92
=================
[2024-12-26 22:40:34] Текст ошибки: Undefined array key "controller" | Файл: /home/sites/MarlinDev/vendor/Core/Router.php | Строка: 92
=================
[2024-12-26 22:43:39] Текст ошибки: Undefined array key "controller" | Файл: /home/sites/MarlinDev/vendor/Core/Router.php | Строка: 92
=================
[2025-01-03 14:10:54] Текст ошибки: Undefined array key "controller" | Файл: /home/sites/MarlinDev/vendor/Core/Router.php | Строка: 92
=================
[2025-01-03 14:10:57] Текст ошибки: Undefined array key "controller" | Файл: /home/sites/MarlinDev/vendor/Core/Router.php | Строка: 92
=================
[2025-01-03 14:11:03] Текст ошибки: Undefined array key "controller" | Файл: /home/sites/MarlinDev/vendor/Core/Router.php | Строка: 92
=================
[2025-01-03 14:11:13] Текст ошибки: Undefined array key "controller" | Файл: /home/sites/MarlinDev/vendor/Core/Router.php | Строка: 92
=================
[2025-01-03 14:11:14] Текст ошибки: Undefined array key "controller" | Файл: /home/sites/MarlinDev/vendor/Core/Router.php | Строка: 92
=================
[2025-01-03 14:11:18] Текст ошибки: Undefined array key "controller" | Файл: /home/sites/MarlinDev/vendor/Core/Router.php | Строка: 92
=================
[2025-01-03 14:14:01] Текст ошибки: Undefined array key "controller" | Файл: /home/sites/MarlinDev/vendor/Core/Router.php | Строка: 92
=================
[2025-01-03 14:14:02] Текст ошибки: Undefined array key "controller" | Файл: /home/sites/MarlinDev/vendor/Core/Router.php | Строка: 92
=================
[2025-01-03 14:14:08] Текст ошибки: Undefined array key "controller" | Файл: /home/sites/MarlinDev/vendor/Core/Router.php | Строка: 92
=================
[2025-01-03 14:14:17] Текст ошибки: Undefined array key "controller" | Файл: /home/sites/MarlinDev/vendor/Core/Router.php | Строка: 92
=================
[2025-01-03 14:14:41] Текст ошибки: Undefined array key "controller" | Файл: /home/sites/MarlinDev/vendor/Core/Router.php | Строка: 92
=================
[2025-01-03 14:14:42] Текст ошибки: Undefined array key "controller" | Файл: /home/sites/MarlinDev/vendor/Core/Router.php | Строка: 92
=================
[2025-01-03 14:14:44] Текст ошибки: Undefined array key "controller" | Файл: /home/sites/MarlinDev/vendor/Core/Router.php | Строка: 92
=================
[2025-01-03 14:14:50] Текст ошибки: Undefined array key "controller" | Файл: /home/sites/MarlinDev/vendor/Core/Router.php | Строка: 92
=================
[2025-01-03 14:14:54] Текст ошибки: Undefined array key "controller" | Файл: /home/sites/MarlinDev/vendor/Core/Router.php | Строка: 92
=================
[2025-01-03 14:15:09] Текст ошибки: Undefined array key "controller" | Файл: /home/sites/MarlinDev/vendor/Core/Router.php | Строка: 92
=================
[2025-01-03 14:18:29] Текст ошибки: Undefined array key "controller" | Файл: /home/sites/MarlinDev/vendor/Core/Router.php | Строка: 92
=================
[2025-01-03 14:20:20] Текст ошибки: Undefined array key "controller" | Файл: /home/sites/MarlinDev/vendor/Core/Router.php | Строка: 92
=================
[2025-01-03 14:30:59] Текст ошибки: Undefined global variable $_SESSION | Файл: /home/sites/MarlinDev/App/Controllers/UserController.php | Строка: 12
=================
[2025-01-03 14:31:00] Текст ошибки: Undefined array key "controller" | Файл: /home/sites/MarlinDev/vendor/Core/Router.php | Строка: 92
=================
[2025-01-03 14:31:05] Текст ошибки: Undefined global variable $_SESSION | Файл: /home/sites/MarlinDev/App/Controllers/UserController.php | Строка: 12
=================
[2025-01-03 14:31:06] Текст ошибки: Undefined array key "controller" | Файл: /home/sites/MarlinDev/vendor/Core/Router.php | Строка: 92
=================
[2025-01-03 14:31:34] Текст ошибки: Undefined array key "controller" | Файл: /home/sites/MarlinDev/vendor/Core/Router.php | Строка: 92
=================
[2025-01-03 14:31:40] Текст ошибки: Undefined array key "controller" | Файл: /home/sites/MarlinDev/vendor/Core/Router.php | Строка: 92
=================
[2025-01-03 14:31:43] Текст ошибки: Undefined array key "controller" | Файл: /home/sites/MarlinDev/vendor/Core/Router.php | Строка: 92
=================
[2025-01-03 14:31:47] Текст ошибки: Undefined array key "controller" | Файл: /home/sites/MarlinDev/vendor/Core/Router.php | Строка: 92
=================
[2025-01-03 14:35:14] Текст ошибки: Constant expression contains invalid operations | Файл: /home/sites/MarlinDev/vendor/Core/Controller.php | Строка: 10
=================
[2025-01-03 14:35:15] Текст ошибки: Undefined array key "controller" | Файл: /home/sites/MarlinDev/vendor/Core/Router.php | Строка: 92
=================
[2025-01-03 14:36:43] Текст ошибки: Undefined array key "controller" | Файл: /home/sites/MarlinDev/vendor/Core/Router.php | Строка: 92
=================
[2025-01-03 14:37:06] Текст ошибки: Undefined array key "controller" | Файл: /home/sites/MarlinDev/vendor/Core/Router.php | Строка: 92
=================
[2025-01-03 14:38:12] Текст ошибки: Undefined array key "controller" | Файл: /home/sites/MarlinDev/vendor/Core/Router.php | Строка: 92
=================
[2025-01-03 14:38:17] Текст ошибки: Undefined array key "controller" | Файл: /home/sites/MarlinDev/vendor/Core/Router.php | Строка: 92
=================
[2025-01-03 14:39:12] Текст ошибки: Undefined array key "controller" | Файл: /home/sites/MarlinDev/vendor/Core/Router.php | Строка: 92
=================
[2025-01-03 14:39:12] Текст ошибки: Undefined array key "controller" | Файл: /home/sites/MarlinDev/vendor/Core/Router.php | Строка: 92
=================
[2025-01-03 14:39:19] Текст ошибки: Undefined array key "controller" | Файл: /home/sites/MarlinDev/vendor/Core/Router.php | Строка: 92
=================
[2025-01-03 14:39:19] Текст ошибки: Undefined array key "controller" | Файл: /home/sites/MarlinDev/vendor/Core/Router.php | Строка: 92
=================
[2025-01-03 14:39:28] Текст ошибки: Undefined array key "controller" | Файл: /home/sites/MarlinDev/vendor/Core/Router.php | Строка: 92
=================
[2025-01-03 14:39:29] Текст ошибки: Undefined array key "controller" | Файл: /home/sites/MarlinDev/vendor/Core/Router.php | Строка: 92
=================
[2025-01-03 14:39:35] Текст ошибки: Undefined array key "controller" | Файл: /home/sites/MarlinDev/vendor/Core/Router.php | Строка: 92
=================
[2025-01-03 14:39:35] Текст ошибки: Undefined array key "controller" | Файл: /home/sites/MarlinDev/vendor/Core/Router.php | Строка: 92
=================
[2025-01-03 14:39:39] Текст ошибки: Undefined array key "controller" | Файл: /home/sites/MarlinDev/vendor/Core/Router.php | Строка: 92
=================
[2025-01-03 14:39:40] Текст ошибки: Undefined array key "controller" | Файл: /home/sites/MarlinDev/vendor/Core/Router.php | Строка: 92
=================
[2025-01-03 14:39:44] Текст ошибки: Undefined array key "controller" | Файл: /home/sites/MarlinDev/vendor/Core/Router.php | Строка: 92
=================
[2025-01-03 14:40:19] Текст ошибки: Undefined array key "controller" | Файл: /home/sites/MarlinDev/vendor/Core/Router.php | Строка: 92
=================
[2025-01-03 14:41:01] Текст ошибки: Undefined array key "controller" | Файл: /home/sites/MarlinDev/vendor/Core/Router.php | Строка: 92
=================
[2025-01-03 14:41:34] Текст ошибки: Undefined array key "controller" | Файл: /home/sites/MarlinDev/vendor/Core/Router.php | Строка: 92
=================
[2025-01-03 14:41:38] Текст ошибки: Undefined array key "controller" | Файл: /home/sites/MarlinDev/vendor/Core/Router.php | Строка: 92
=================
[2025-01-03 14:41:48] Текст ошибки: Undefined array key "controller" | Файл: /home/sites/MarlinDev/vendor/Core/Router.php | Строка: 92
=================
[2025-01-03 14:41:50] Текст ошибки: Undefined array key "controller" | Файл: /home/sites/MarlinDev/vendor/Core/Router.php | Строка: 92
=================
[2025-01-03 14:41:54] Текст ошибки: Undefined array key "controller" | Файл: /home/sites/MarlinDev/vendor/Core/Router.php | Строка: 92
=================
[2025-01-03 14:42:05] Текст ошибки: Undefined array key "controller" | Файл: /home/sites/MarlinDev/vendor/Core/Router.php | Строка: 92
=================
[2025-01-03 14:42:09] Текст ошибки: Undefined array key "controller" | Файл: /home/sites/MarlinDev/vendor/Core/Router.php | Строка: 92
=================
[2025-01-03 14:42:26] Текст ошибки: Undefined array key "controller" | Файл: /home/sites/MarlinDev/vendor/Core/Router.php | Строка: 92
=================
[2025-01-03 14:42:29] Текст ошибки: Undefined array key "controller" | Файл: /home/sites/MarlinDev/vendor/Core/Router.php | Строка: 92
=================
[2025-01-03 14:42:32] Текст ошибки: Undefined array key "controller" | Файл: /home/sites/MarlinDev/vendor/Core/Router.php | Строка: 92
=================
[2025-01-03 14:42:52] Текст ошибки: Undefined array key "controller" | Файл: /home/sites/MarlinDev/vendor/Core/Router.php | Строка: 92
=================
[2025-01-03 14:42:55] Текст ошибки: Undefined array key "controller" | Файл: /home/sites/MarlinDev/vendor/Core/Router.php | Строка: 92
=================
[2025-01-03 14:43:00] Текст ошибки: Undefined array key "controller" | Файл: /home/sites/MarlinDev/vendor/Core/Router.php | Строка: 92
=================
[2025-01-03 14:43:02] Текст ошибки: Undefined array key "controller" | Файл: /home/sites/MarlinDev/vendor/Core/Router.php | Строка: 92
=================
[2025-01-03 14:43:05] Текст ошибки: Undefined array key "controller" | Файл: /home/sites/MarlinDev/vendor/Core/Router.php | Строка: 92
=================
[2025-01-03 14:43:08] Текст ошибки: Undefined array key "controller" | Файл: /home/sites/MarlinDev/vendor/Core/Router.php | Строка: 92
=================
[2025-01-03 14:43:18] Текст ошибки: Undefined array key "controller" | Файл: /home/sites/MarlinDev/vendor/Core/Router.php | Строка: 92
=================
[2025-01-03 14:43:22] Текст ошибки: Undefined array key "controller" | Файл: /home/sites/MarlinDev/vendor/Core/Router.php | Строка: 92
=================
[2025-01-03 14:43:24] Текст ошибки: Undefined array key "controller" | Файл: /home/sites/MarlinDev/vendor/Core/Router.php | Строка: 92
=================
[2025-01-03 14:43:25] Текст ошибки: Undefined array key "controller" | Файл: /home/sites/MarlinDev/vendor/Core/Router.php | Строка: 92
=================
[2025-01-03 14:43:54] Текст ошибки: Undefined global variable $_SESSION | Файл: /home/sites/MarlinDev/vendor/Core/Controller.php | Строка: 17
=================
[2025-01-03 14:43:55] Текст ошибки: Undefined array key "controller" | Файл: /home/sites/MarlinDev/vendor/Core/Router.php | Строка: 92
=================
[2025-01-03 14:44:01] Текст ошибки: Undefined global variable $_SESSION | Файл: /home/sites/MarlinDev/vendor/Core/Controller.php | Строка: 17
=================
[2025-01-03 14:44:01] Текст ошибки: Undefined array key "controller" | Файл: /home/sites/MarlinDev/vendor/Core/Router.php | Строка: 92
=================
[2025-01-03 14:44:09] Текст ошибки: Undefined array key "controller" | Файл: /home/sites/MarlinDev/vendor/Core/Router.php | Строка: 92
=================
[2025-01-03 14:44:35] Текст ошибки: Undefined array key "controller" | Файл: /home/sites/MarlinDev/vendor/Core/Router.php | Строка: 92
=================
[2025-01-03 14:44:40] Текст ошибки: Undefined array key "controller" | Файл: /home/sites/MarlinDev/vendor/Core/Router.php | Строка: 92
=================
[2025-01-04 01:30:20] Текст ошибки: Undefined array key "controller" | Файл: /home/sites/MarlinDev/vendor/Core/Router.php | Строка: 92
=================
